<?xml version="1.0" encoding="UTF-8"?>
<!-- Generated by org.testng.reporters.JUnitReportReporter -->
<testsuite skipped="0" hostname="RITHWIK-PC" name="example1.Practc1" tests="2" failures="0" timestamp="21 May 2018 22:59:52 GMT" time="0.063" errors="0">
  <testcase name="google_title_test" time="0.000" classname="example1.Practc1"/>
  <testcase name="googleCycle" time="0.063" classname="example1.Practc1"/>
</testsuite> <!-- example1.Practc1 -->
