<?xml version="1.0" encoding="UTF-8"?>
<!-- Generated by org.testng.reporters.JUnitReportReporter -->
<testsuite skipped="0" hostname="RITHWIK-PC" name="testNG_Topics.Services" tests="3" failures="0" timestamp="23 May 2018 23:51:13 GMT" time="62.371" errors="0">
  <testcase name="EnterMob" time="25.328" classname="testNG_Topics.Services"/>
  <testcase name="BigData" time="16.908" classname="testNG_Topics.Services"/>
  <testcase name="BusInt" time="20.135" classname="testNG_Topics.Services"/>
</testsuite> <!-- testNG_Topics.Services -->
