<?xml version="1.0" encoding="UTF-8"?>
<!-- Generated by org.testng.reporters.JUnitReportReporter -->
<testsuite skipped="0" hostname="RITHWIK-PC" name="testNG_Topics.Solutions" tests="3" failures="0" timestamp="23 May 2018 23:51:13 GMT" time="59.121" errors="0">
  <testcase name="Supply" time="20.826" classname="testNG_Topics.Solutions"/>
  <testcase name="mobi" time="14.181" classname="testNG_Topics.Solutions"/>
  <testcase name="cloud" time="24.114" classname="testNG_Topics.Solutions"/>
</testsuite> <!-- testNG_Topics.Solutions -->
