<?xml version="1.0" encoding="UTF-8"?>
<!-- Generated by org.testng.reporters.JUnitReportReporter -->
<testsuite skipped="0" hostname="RITHWIK-PC" name="example1.Practic2" tests="3" failures="0" timestamp="21 May 2018 22:59:52 GMT" time="40.417" errors="0">
  <testcase name="Google_Titile_Test" time="13.548" classname="example1.Practic2"/>
  <testcase name="maillinktext" time="11.953" classname="example1.Practic2"/>
  <testcase name="LogoTest" time="14.916" classname="example1.Practic2"/>
</testsuite> <!-- example1.Practic2 -->
